<?xml version="1.0" encoding="UTF-8"?>
<!-- Generated by org.testng.reporters.JUnitReportReporter -->
<testsuite hostname="DESKTOP-7GBIBLN" failures="0" tests="2" name="rahulshettyAcademy.SeleniumFrameworkDesign.ErrorValidations" time="21.127" errors="0" timestamp="2023-12-17T22:18:54 IST" skipped="0">
  <testcase classname="rahulshettyAcademy.SeleniumFrameworkDesign.ErrorValidations" name="submitorder" time="16.873"/>
  <testcase classname="rahulshettyAcademy.SeleniumFrameworkDesign.ErrorValidations" name="loginErrorValidation" time="4.254"/>
</testsuite> <!-- rahulshettyAcademy.SeleniumFrameworkDesign.ErrorValidations -->
