<?xml version="1.0" encoding="UTF-8"?>
<!-- Generated by org.testng.reporters.JUnitReportReporter -->
<testsuite hostname="DESKTOP-7GBIBLN" failures="0" tests="2" name="rahulshettyAcademy.SeleniumFrameworkDesign.SubmitOrderTest" time="37.751" errors="0" timestamp="2024-01-10T22:02:15 IST" skipped="0">
  <testcase classname="rahulshettyAcademy.SeleniumFrameworkDesign.SubmitOrderTest" name="submitorder" time="18.719"/>
  <testcase classname="rahulshettyAcademy.SeleniumFrameworkDesign.SubmitOrderTest" name="submitorder" time="19.032"/>
</testsuite> <!-- rahulshettyAcademy.SeleniumFrameworkDesign.SubmitOrderTest -->
