<?xml version="1.0" encoding="UTF-8"?>
<!-- Generated by org.testng.reporters.JUnitReportReporter -->
<testsuite hostname="DESKTOP-7GBIBLN" failures="0" tests="3" name="rahulshettyAcademy.SeleniumFrameworkDesign.SubmitOrderTest" time="48.704" errors="0" timestamp="2024-01-24T22:51:28 IST" skipped="0">
  <testcase classname="rahulshettyAcademy.SeleniumFrameworkDesign.SubmitOrderTest" name="submitorder" time="16.933"/>
  <system-out/>
  <testcase classname="rahulshettyAcademy.SeleniumFrameworkDesign.SubmitOrderTest" name="orderHistory" time="14.310"/>
  <system-out/>
  <testcase classname="rahulshettyAcademy.SeleniumFrameworkDesign.SubmitOrderTest" name="submitorder" time="17.461"/>
  <system-out/>
</testsuite> <!-- rahulshettyAcademy.SeleniumFrameworkDesign.SubmitOrderTest -->
