<?xml version="1.0" encoding="UTF-8"?>
<!-- Generated by org.testng.reporters.JUnitReportReporter -->
<testsuite hostname="DESKTOP-7GBIBLN" failures="0" tests="2" name="rahulshettyAcademy.SeleniumFrameworkDesign.ErrorValidationsTest" time="41.939" errors="0" timestamp="2024-01-24T22:51:28 IST" skipped="0">
  <testcase classname="rahulshettyAcademy.SeleniumFrameworkDesign.ErrorValidationsTest" name="loginErrorValidation" time="3.031"/>
  <system-out/>
  <testcase classname="rahulshettyAcademy.SeleniumFrameworkDesign.ErrorValidationsTest" name="submitorder" time="38.908"/>
  <system-out/>
</testsuite> <!-- rahulshettyAcademy.SeleniumFrameworkDesign.ErrorValidationsTest -->
